{
  "stats": {
    "suites": 2,
    "tests": 9,
    "passes": 9,
    "pending": 0,
    "failures": 0,
    "start": "2024-04-08T09:24:14.941Z",
    "end": "2024-04-08T09:24:22.652Z",
    "duration": 7711,
    "testsRegistered": 9,
    "passPercent": 100,
    "pendingPercent": 0,
    "other": 0,
    "hasOther": false,
    "skipped": 0,
    "hasSkipped": false
  },
  "results": [
    {
      "uuid": "3bb9ca7a-33c1-497e-940d-f5ec033dc8a0",
      "title": "",
      "fullFile": "cypress\\e2e\\frontend\\user.cy.js",
      "file": "cypress\\e2e\\frontend\\user.cy.js",
      "beforeHooks": [],
      "afterHooks": [],
      "tests": [],
      "suites": [
        {
          "uuid": "25cacee4-4ba0-4d5e-a8ef-86a683431fb9",
          "title": "Page /users/:userId",
          "fullFile": "",
          "file": "",
          "beforeHooks": [],
          "afterHooks": [],
          "tests": [
            {
              "title": "display products",
              "fullTitle": "Page /users/:userId display products",
              "timedOut": null,
              "duration": 211,
              "state": "passed",
              "speed": "fast",
              "pass": true,
              "fail": false,
              "pending": false,
              "context": null,
              "code": "// Note : Test le scénario de récupération et d'affichage des produits\n(0, _orm.createProduct)().then(({\n  product\n}) => {\n  cy.visit(`http://localhost:5173/users/${_tokens.aliceId}`);\n  cy.get(\"[data-test-product]\").should(\"have.length\", 8);\n  cy.get(\"[data-test-product]\").last().find(\"[data-test-product-name]\").should(\"have.text\", product.name).invoke(\"attr\", \"href\").should(\"contain\", product.id);\n  cy.get(\"[data-test-product]\").last().find(\"[data-test-product-description]\").should(\"have.text\", product.description);\n  cy.get(\"[data-test-product]\").last().find(\"[data-test-product-price]\").should(\"contain.text\", product.originalPrice + \" €\");\n  cy.get(\"[data-test-product]\").last().find(\"[data-test-product-picture]\").invoke(\"attr\", \"src\").should(\"eq\", product.pictureUrl);\n});",
              "err": {},
              "uuid": "136671bf-4670-4f71-a921-3e241d2962f0",
              "parentUUID": "25cacee4-4ba0-4d5e-a8ef-86a683431fb9",
              "isHook": false,
              "skipped": false
            },
            {
              "title": "display bids",
              "fullTitle": "Page /users/:userId display bids",
              "timedOut": null,
              "duration": 136,
              "state": "passed",
              "speed": "fast",
              "pass": true,
              "fail": false,
              "pending": false,
              "context": null,
              "code": "// Note : Test le scénario de récupération et d'affichage des offres\n(0, _orm.createProduct)(\"futur\", _tokens.bobToken).then(({\n  product\n}) => {\n  (0, _orm.createBid)(product.id, product.originalPrice, _tokens.aliceToken).then(({\n    bid\n  }) => {\n    cy.visit(`http://localhost:5173/users/${_tokens.aliceId}`);\n    cy.get(\"[data-test-bid]\").should(\"exist\");\n    cy.get(`[data-test-bid-product][href$=\"${product.id}\"]`).should(\"exist\").first().closest(\"[data-test-bid]\").then(el => {\n      cy.wrap(el).find(\"[data-test-bid-product]\").should(\"have.text\", product.name);\n      cy.wrap(el).find(\"[data-test-bid-price]\").should(\"have.text\", bid.price + \" €\");\n      cy.wrap(el).find(\"[data-test-bid-date]\").should(\"contain.text\", new Date().getDate()).should(\"contain.text\", new Date().getMonth() + 1).should(\"contain.text\", new Date().getFullYear());\n    });\n  });\n});",
              "err": {},
              "uuid": "e200189c-8f84-46ae-88af-075f24aa6c32",
              "parentUUID": "25cacee4-4ba0-4d5e-a8ef-86a683431fb9",
              "isHook": false,
              "skipped": false
            },
            {
              "title": "no admin badge",
              "fullTitle": "Page /users/:userId no admin badge",
              "timedOut": null,
              "duration": 1256,
              "state": "passed",
              "speed": "fast",
              "pass": true,
              "fail": false,
              "pending": false,
              "context": null,
              "code": "// Note : Vérifie qu'un utilisateur a un badge admin si et seulement si il est admin\ncy.visit(`http://localhost:5173/users/${_tokens.aliceId}`);\ncy.get(\"[data-test-admin]\").should(\"not.exist\");\ncy.visit(`http://localhost:5173/users/${_tokens.adminId}`);\ncy.get(\"[data-test-admin]\").should(\"exist\");",
              "err": {},
              "uuid": "1dcfe743-7efe-4b9c-bbac-612c84d14397",
              "parentUUID": "25cacee4-4ba0-4d5e-a8ef-86a683431fb9",
              "isHook": false,
              "skipped": false
            },
            {
              "title": "loading",
              "fullTitle": "Page /users/:userId loading",
              "timedOut": null,
              "duration": 899,
              "state": "passed",
              "speed": "fast",
              "pass": true,
              "fail": false,
              "pending": false,
              "context": null,
              "code": "// Note : Vérifie la présence d'un spinner au chargement\ncy.intercept(`http://localhost:3000/api/users/${_tokens.aliceId}`, {\n  delay: 10000\n});\ncy.visit(`http://localhost:5173/users/${_tokens.aliceId}`);\ncy.get(\"[data-test-loading]\").should(\"exist\");\ncy.get(\"[data-test-view]\").should(\"not.exist\");\ncy.get(\"[data-test-error]\").should(\"not.exist\");",
              "err": {},
              "uuid": "2f806f94-9f25-44d0-8d22-d0ff73420f0d",
              "parentUUID": "25cacee4-4ba0-4d5e-a8ef-86a683431fb9",
              "isHook": false,
              "skipped": false
            },
            {
              "title": "error",
              "fullTitle": "Page /users/:userId error",
              "timedOut": null,
              "duration": 653,
              "state": "passed",
              "speed": "fast",
              "pass": true,
              "fail": false,
              "pending": false,
              "context": null,
              "code": "// Note : Vérifie la présence d'une erreur en cas d'échec de chargement\ncy.intercept(`http://localhost:3000/api/users/${_tokens.aliceId}`, {\n  statusCode: 500\n});\ncy.visit(`http://localhost:5173/users/${_tokens.aliceId}`);\ncy.get(\"[data-test-error]\").should(\"exist\");\ncy.get(\"[data-test-loading]\").should(\"not.exist\");\ncy.get(\"[data-test-view]\").should(\"not.exist\");",
              "err": {},
              "uuid": "16d68a98-1f4a-497e-b298-8ac6894b7c14",
              "parentUUID": "25cacee4-4ba0-4d5e-a8ef-86a683431fb9",
              "isHook": false,
              "skipped": false
            },
            {
              "title": "ready",
              "fullTitle": "Page /users/:userId ready",
              "timedOut": null,
              "duration": 711,
              "state": "passed",
              "speed": "fast",
              "pass": true,
              "fail": false,
              "pending": false,
              "context": null,
              "code": "// Note : Vérifie la présence du contenu quand tout s'est bien chargé\ncy.visit(`http://localhost:5173/users/${_tokens.aliceId}`);\ncy.get(\"[data-test-error]\").should(\"not.exist\");\ncy.get(\"[data-test-loading]\").should(\"not.exist\");\ncy.get(\"[data-test-view]\").should(\"exist\");",
              "err": {},
              "uuid": "9a463dda-6768-4858-a1f2-ff9971d7789b",
              "parentUUID": "25cacee4-4ba0-4d5e-a8ef-86a683431fb9",
              "isHook": false,
              "skipped": false
            }
          ],
          "suites": [],
          "passes": [
            "136671bf-4670-4f71-a921-3e241d2962f0",
            "e200189c-8f84-46ae-88af-075f24aa6c32",
            "1dcfe743-7efe-4b9c-bbac-612c84d14397",
            "2f806f94-9f25-44d0-8d22-d0ff73420f0d",
            "16d68a98-1f4a-497e-b298-8ac6894b7c14",
            "9a463dda-6768-4858-a1f2-ff9971d7789b"
          ],
          "failures": [],
          "pending": [],
          "skipped": [],
          "duration": 3866,
          "root": false,
          "rootEmpty": false,
          "_timeout": 2000
        },
        {
          "uuid": "858775d7-21f5-446e-9d8e-5d223bd3b9d9",
          "title": "Page /users/me",
          "fullFile": "",
          "file": "",
          "beforeHooks": [],
          "afterHooks": [],
          "tests": [
            {
              "title": "me as alice",
              "fullTitle": "Page /users/me me as alice",
              "timedOut": null,
              "duration": 745,
              "state": "passed",
              "speed": "fast",
              "pass": true,
              "fail": false,
              "pending": false,
              "context": null,
              "code": "// Note : Vérifie que le contenu de la page est bien celui de l'utilisateur courant\ncy.visit(`http://localhost:5173/users/me`, {\n  onBeforeLoad: function (window) {\n    window.localStorage.setItem(\"token\", _tokens.aliceToken);\n  }\n});\ncy.get(\"[data-test-username]\").should(\"contain.text\", \"alice\");\ncy.get(\"[data-test-product]\").should(\"have.length\", 7);",
              "err": {},
              "uuid": "cef4dc79-0e1b-40c5-836c-25ce6cfef49c",
              "parentUUID": "858775d7-21f5-446e-9d8e-5d223bd3b9d9",
              "isHook": false,
              "skipped": false
            },
            {
              "title": "me as bob",
              "fullTitle": "Page /users/me me as bob",
              "timedOut": null,
              "duration": 661,
              "state": "passed",
              "speed": "fast",
              "pass": true,
              "fail": false,
              "pending": false,
              "context": null,
              "code": "// Note : Vérifie que le contenu de la page est bien celui de l'utilisateur courant\ncy.visit(`http://localhost:5173/users/me`, {\n  onBeforeLoad: function (window) {\n    window.localStorage.setItem(\"token\", _tokens.bobToken);\n  }\n});\ncy.get(\"[data-test-username]\").should(\"contain.text\", \"bob\");\ncy.get(\"[data-test-product]\").should(\"have.length\", 3);",
              "err": {},
              "uuid": "15d17430-db25-4272-9da5-394a7fab924e",
              "parentUUID": "858775d7-21f5-446e-9d8e-5d223bd3b9d9",
              "isHook": false,
              "skipped": false
            },
            {
              "title": "me as admin",
              "fullTitle": "Page /users/me me as admin",
              "timedOut": null,
              "duration": 652,
              "state": "passed",
              "speed": "fast",
              "pass": true,
              "fail": false,
              "pending": false,
              "context": null,
              "code": "// Note : Vérifie que le contenu de la page est bien celui de l'utilisateur courant\ncy.visit(`http://localhost:5173/users/me`, {\n  onBeforeLoad: function (window) {\n    window.localStorage.setItem(\"token\", _tokens.adminToken);\n  }\n});\ncy.get(\"[data-test-username]\").should(\"contain.text\", \"admin\");",
              "err": {},
              "uuid": "55901ad3-dad7-4f6d-8285-87b3625b9441",
              "parentUUID": "858775d7-21f5-446e-9d8e-5d223bd3b9d9",
              "isHook": false,
              "skipped": false
            }
          ],
          "suites": [],
          "passes": [
            "cef4dc79-0e1b-40c5-836c-25ce6cfef49c",
            "15d17430-db25-4272-9da5-394a7fab924e",
            "55901ad3-dad7-4f6d-8285-87b3625b9441"
          ],
          "failures": [],
          "pending": [],
          "skipped": [],
          "duration": 2058,
          "root": false,
          "rootEmpty": false,
          "_timeout": 2000
        }
      ],
      "passes": [],
      "failures": [],
      "pending": [],
      "skipped": [],
      "duration": 0,
      "root": true,
      "rootEmpty": true,
      "_timeout": 2000
    }
  ],
  "meta": {
    "mocha": {
      "version": "7.0.1"
    },
    "mochawesome": {
      "options": {
        "quiet": false,
        "reportFilename": "mochawesome",
        "saveHtml": false,
        "saveJson": true,
        "consoleReporter": "spec",
        "useInlineDiffs": false,
        "code": true
      },
      "version": "7.1.3"
    },
    "marge": {
      "options": {
        "reportDir": "cypress/results",
        "overwrite": false,
        "html": false,
        "json": true
      },
      "version": "6.2.0"
    }
  }
}